<?xml version="1.0" encoding="UTF-8"?>
<!-- Generated by org.testng.reporters.JUnitReportReporter -->
<testsuite hostname="DESKTOP-O8069B7" failures="0" tests="6" name="com.resolver.tests.SampleTests" time="42.368" errors="0" timestamp="2024-08-19T14:02:26 EDT" skipped="0">
  <testcase classname="com.resolver.tests.SampleTests" name="TestOne" time="5.446"/>
  <system-out/>
  <testcase classname="com.resolver.tests.SampleTests" name="TestTwo" time="5.513"/>
  <system-out/>
  <testcase classname="com.resolver.tests.SampleTests" name="TestThree" time="5.981"/>
  <system-out/>
  <testcase classname="com.resolver.tests.SampleTests" name="TestFour" time="5.654"/>
  <system-out/>
  <testcase classname="com.resolver.tests.SampleTests" name="TestFive" time="14.800"/>
  <system-out/>
  <testcase classname="com.resolver.tests.SampleTests" name="TestSix" time="4.974"/>
  <system-out/>
</testsuite> <!-- com.resolver.tests.SampleTests -->
