<?xml version="1.0" encoding="UTF-8"?>
<!-- Generated by org.testng.reporters.JUnitReportReporter -->
<testsuite hostname="DESKTOP-O8069B7" failures="0" tests="6" name="com.resolver.tests.SampleTests" time="45.742" errors="0" timestamp="2024-08-16T13:15:45 EDT" skipped="0">
  <testcase classname="com.resolver.tests.SampleTests" name="TestOne" time="5.307"/>
  <system-out/>
  <testcase classname="com.resolver.tests.SampleTests" name="TestTwo" time="5.900"/>
  <system-out/>
  <testcase classname="com.resolver.tests.SampleTests" name="TestThree" time="5.966"/>
  <system-out/>
  <testcase classname="com.resolver.tests.SampleTests" name="TestFour" time="5.360"/>
  <system-out/>
  <testcase classname="com.resolver.tests.SampleTests" name="TestFive" time="15.598"/>
  <system-out/>
  <testcase classname="com.resolver.tests.SampleTests" name="TestSix" time="7.611"/>
  <system-out/>
</testsuite> <!-- com.resolver.tests.SampleTests -->
