<?xml version="1.0" encoding="UTF-8"?>
<!-- Generated by org.testng.reporters.JUnitReportReporter -->
<testsuite hostname="DESKTOP-O8069B7" failures="0" tests="6" name="com.resolver.tests.SampleTests" time="54.958" errors="0" timestamp="2024-08-16T11:32:06 EDT" skipped="0">
  <testcase classname="com.resolver.tests.SampleTests" name="TestOne" time="8.314"/>
  <system-out/>
  <testcase classname="com.resolver.tests.SampleTests" name="TestTwo" time="5.366"/>
  <system-out/>
  <testcase classname="com.resolver.tests.SampleTests" name="TestThree" time="5.898"/>
  <system-out/>
  <testcase classname="com.resolver.tests.SampleTests" name="TestFour" time="9.673"/>
  <system-out/>
  <testcase classname="com.resolver.tests.SampleTests" name="TestFive" time="15.992"/>
  <system-out/>
  <testcase classname="com.resolver.tests.SampleTests" name="TestSix" time="9.715"/>
  <system-out/>
</testsuite> <!-- com.resolver.tests.SampleTests -->
