<?xml version="1.0" encoding="UTF-8"?>
<!-- Generated by org.testng.reporters.JUnitReportReporter -->
<testsuite hostname="DESKTOP-O8069B7" failures="0" tests="6" name="com.resolver.tests.SampleTests" time="41.138" errors="0" timestamp="2024-08-19T13:26:14 EDT" skipped="0">
  <testcase classname="com.resolver.tests.SampleTests" name="TestOne" time="8.577"/>
  <system-out/>
  <testcase classname="com.resolver.tests.SampleTests" name="TestTwo" time="6.473"/>
  <system-out/>
  <testcase classname="com.resolver.tests.SampleTests" name="TestThree" time="5.698"/>
  <system-out/>
  <testcase classname="com.resolver.tests.SampleTests" name="TestFour" time="5.152"/>
  <system-out/>
  <testcase classname="com.resolver.tests.SampleTests" name="TestFive" time="9.921"/>
  <system-out/>
  <testcase classname="com.resolver.tests.SampleTests" name="TestSix" time="5.317"/>
  <system-out/>
</testsuite> <!-- com.resolver.tests.SampleTests -->
